#
# A fatal error has been detected by the Java Runtime Environment:
#
#  EXCEPTION_ACCESS_VIOLATION (0xc0000005) at pc=0x00007ffadd2b484b, pid=5956, tid=15984
#
# JRE version: Java(TM) SE Runtime Environment (14.0.1+7) (build 14.0.1+7)
# Java VM: Java HotSpot(TM) 64-Bit Server VM (14.0.1+7, mixed mode, sharing, tiered, compressed oops, g1 gc, windows-amd64)
# Problematic frame:
# V  [jvm.dll+0x67484b]
#
# No core dump will be written. Minidumps are not enabled by default on client versions of Windows
#
# If you would like to submit a bug report, please visit:
#   https://bugreport.java.com/bugreport/crash.jsp
#

---------------  S U M M A R Y ------------

Command Line: -agentlib:jdwp=transport=dt_socket,address=127.0.0.1:61546,suspend=y,server=n -ea -Didea.test.cyclic.buffer.size=1048576 -javaagent:C:\Users\Rado\.IntelliJIdea2019.3\system\captureAgent\debugger-agent.jar -Dfile.encoding=UTF-8 com.intellij.rt.junit.JUnitStarter -ideVersion5 -junit4 app.services.UserServiceImplTest,sendTeacherRequest_shouldChangeTeacherRequestToTrue

Host: Intel(R) Core(TM) i7-7700HQ CPU @ 2.80GHz, 8 cores, 15G,  Windows 10 , 64 bit Build 19041 (10.0.19041.292)
Time: Sat Jul 25 15:38:56 2020 FLE Daylight Time elapsed time: 1131 seconds (0d 0h 18m 51s)

---------------  T H R E A D  ---------------

Current thread (0x000001833cad8800):  JavaThread "JDWP Transport Listener: dt_socket" daemon [_thread_in_vm, id=15984, stack(0x00000040cfb00000,0x00000040cfc00000)] _threads_hazard_ptr=0x000001833dbbae90

Stack: [0x00000040cfb00000,0x00000040cfc00000],  sp=0x00000040cfbfe550,  free space=1017k
Native frames: (J=compiled Java code, j=interpreted, Vv=VM code, C=native code)
V  [jvm.dll+0x67484b]
V  [jvm.dll+0x2ef353]
V  [jvm.dll+0x2f1015]
V  [jvm.dll+0x2f190e]
V  [jvm.dll+0x2ef1ac]
V  [jvm.dll+0x2ee3e2]
V  [jvm.dll+0x5e7525]
V  [jvm.dll+0x5e72ad]
V  [jvm.dll+0x5af2b3]
V  [jvm.dll+0x7394bf]
V  [jvm.dll+0x4bee71]
V  [jvm.dll+0x748a5b]
V  [jvm.dll+0x4a54fe]
V  [jvm.dll+0x46ee8b]
C  [jdwp.dll+0x751f]


siginfo: EXCEPTION_ACCESS_VIOLATION (0xc0000005), reading address 0x0000000000000006


Register to memory mapping:

RIP=0x00007ffadd2b484b jvm.dll
RAX=0x00000040cfbfe5e0 is pointing into the stack for thread: 0x000001833cad8800
RBX=0x00000040cfbfe5b0 is pointing into the stack for thread: 0x000001833cad8800
RCX=0x0 is NULL
RDX=0x0 is NULL
RSP=0x00000040cfbfe550 is pointing into the stack for thread: 0x000001833cad8800
RBP=0x00000040cfbfeaf0 is pointing into the stack for thread: 0x000001833cad8800
RSI=0x0 is NULL
RDI=0x0 is NULL
R8 =0x0 is NULL
R9 =0x000001833c42e2c8 is pointing into metadata
R10=0x00007ffadcc40000 jvm.dll
R11=0x00000040cfbfea10 is pointing into the stack for thread: 0x000001833cad8800
R12=0x000001833d0aef40 points into unknown readable memory: 00 61 70 70 00 00 00 00
R13=0x0 is NULL
R14=0x000001833c43059f is pointing into metadata
R15=0x0000000000000059 is an unknown value


Registers:
RAX=0x00000040cfbfe5e0, RBX=0x00000040cfbfe5b0, RCX=0x0000000000000000, RDX=0x0000000000000000
RSP=0x00000040cfbfe550, RBP=0x00000040cfbfeaf0, RSI=0x0000000000000000, RDI=0x0000000000000000
R8 =0x0000000000000000, R9 =0x000001833c42e2c8, R10=0x00007ffadcc40000, R11=0x00000040cfbfea10
R12=0x000001833d0aef40, R13=0x0000000000000000, R14=0x000001833c43059f, R15=0x0000000000000059
RIP=0x00007ffadd2b484b, EFLAGS=0x0000000000010246

Top of Stack: (sp=0x00000040cfbfe550)
0x00000040cfbfe550:   00000040cfbfe5b0 0000000000000000
0x00000040cfbfe560:   0000000000000000 0000000000000000
0x00000040cfbfe570:   0000000000000000 00007ffadcf2f353
0x00000040cfbfe580:   0000000000000000 00000040cfbfec60
0x00000040cfbfe590:   0000000000000000 0000000000000000
0x00000040cfbfe5a0:   0000000000000000 0000000000000000
0x00000040cfbfe5b0:   00007ffadd495730 0000000000000000
0x00000040cfbfe5c0:   0000000000000000 000000000000000c
0x00000040cfbfe5d0:   00000040cfbfe5e0 0000000000000000
0x00000040cfbfe5e0:   000000004600003d 0000000000000000
0x00000040cfbfe5f0:   4fffffff4fffffff 000000004fffffff
0x00000040cfbfe600:   0000000000000000 0000000000000000
0x00000040cfbfe610:   0000000000000000 0000000000000000
0x00000040cfbfe620:   0000000000000000 0000000000000000
0x00000040cfbfe630:   0000000000000000 0000000000000000
0x00000040cfbfe640:   0000000000000000 0000000000000000 

Instructions: (pc=0x00007ffadd2b484b)
0x00007ffadd2b474b:   48 8b cb ff 50 30 ff 43 14 48 c1 ef 04 eb 86 48
0x00007ffadd2b475b:   8b 03 45 33 c0 33 d2 48 8b cb ff 50 48 ff 43 14
0x00007ffadd2b476b:   48 c1 ef 04 e9 6c ff ff ff 48 8b 03 48 8b cb ff
0x00007ffadd2b477b:   50 38 83 43 14 02 48 c1 ef 04 e9 56 ff ff ff 48
0x00007ffadd2b478b:   8b 03 48 8b cb ff 50 10 ff 43 14 48 c1 ef 04 e9
0x00007ffadd2b479b:   41 ff ff ff 48 8b 03 48 8b cb ff 50 18 83 43 14
0x00007ffadd2b47ab:   02 48 c1 ef 04 e9 2b ff ff ff 48 8b 0d 24 41 3e
0x00007ffadd2b47bb:   00 48 8d 15 ad fa 22 00 e8 88 5c f8 ff 48 8b 0d
0x00007ffadd2b47cb:   11 41 3e 00 48 8d 15 b2 fa 22 00 4c 8b c6 e8 72
0x00007ffadd2b47db:   5c f8 ff ba c2 00 00 00 48 8d 0d 36 fa 22 00 e8
0x00007ffadd2b47eb:   61 89 b9 ff e8 6c 37 f8 ff 48 c1 ef 04 e9 e3 fe
0x00007ffadd2b47fb:   ff ff 0f 1f 00 01 47 67 00 12 47 67 00 24 47 67
0x00007ffadd2b480b:   00 36 47 67 00 48 47 67 00 74 47 67 00 8a 47 67
0x00007ffadd2b481b:   00 9f 47 67 00 5a 47 67 00 b8 46 67 00 cc cc cc
0x00007ffadd2b482b:   cc cc cc cc cc 40 53 48 83 ec 20 c7 41 10 00 00
0x00007ffadd2b483b:   00 00 48 8b d9 48 89 7c 24 38 48 8b 79 08 33 c9
0x00007ffadd2b484b:   80 7f 06 28 74 26 44 8d 49 28 8d 51 36 48 8d 0d
0x00007ffadd2b485b:   c1 f9 22 00 4c 8d 05 aa f9 22 00 e8 65 87 b9 ff
0x00007ffadd2b486b:   e8 f0 36 f8 ff 8b 4b 10 48 8b 7b 08 8d 41 01 48
0x00007ffadd2b487b:   63 c9 89 43 10 80 7c 39 07 29 0f 84 d3 00 00 00
0x00007ffadd2b488b:   48 89 74 24 30 44 8b c0 48 8d 35 66 b7 98 ff 66
0x00007ffadd2b489b:   0f 1f 44 00 00 49 63 c8 0f be 54 39 06 83 c2 be
0x00007ffadd2b48ab:   83 fa 19 77 7b 48 63 ca 0f b6 8c 0e 0c 4a 67 00
0x00007ffadd2b48bb:   8b 94 8e fc 49 67 00 48 03 d6 ff e2 41 8d 40 01
0x00007ffadd2b48cb:   89 43 10 eb 74 48 63 c8 ff c0 89 43 10 44 8b c0
0x00007ffadd2b48db:   80 7c 39 06 3b 75 ee eb 63 0f 1f 40 00 0f 1f 84
0x00007ffadd2b48eb:   00 00 00 00 00 ff c0 48 63 c8 89 43 10 0f b6 54
0x00007ffadd2b48fb:   39 06 80 fa 5b 74 ee 80 fa 4c 75 1d 66 0f 1f 84
0x00007ffadd2b490b:   00 00 00 00 00 48 63 c8 ff c0 89 43 10 44 8b c0
0x00007ffadd2b491b:   80 7c 39 06 3b 75 ee eb 23 ff c0 89 43 10 eb 19
0x00007ffadd2b492b:   ba f1 00 00 00 48 8d 0d e9 f8 22 00 e8 14 88 b9
0x00007ffadd2b493b:   ff e8 1f 36 f8 ff 8b 43 10 44 8b c0 49 63 c8 80 


Stack slot to memory mapping:
stack at sp + 0 slots: 0x00000040cfbfe5b0 is pointing into the stack for thread: 0x000001833cad8800
stack at sp + 1 slots: 0x0 is NULL
stack at sp + 2 slots: 0x0 is NULL
stack at sp + 3 slots: 0x0 is NULL
stack at sp + 4 slots: 0x0 is NULL
stack at sp + 5 slots: 0x00007ffadcf2f353 jvm.dll
stack at sp + 6 slots: 0x0 is NULL
stack at sp + 7 slots: 0x00000040cfbfec60 is pointing into the stack for thread: 0x000001833cad8800


---------------  P R O C E S S  ---------------

Threads class SMR info:
_java_thread_list=0x000001833dbbae90, length=14, elements={
0x000001831826a000, 0x000001833beb6000, 0x000001833beb9000, 0x000001833becd000,
0x000001833bed0000, 0x000001833bed1000, 0x000001833bedc800, 0x000001833c8cf800,
0x000001833c8dc800, 0x000001833ca86000, 0x000001833cad8800, 0x000001833cb5d800,
0x000001833cb5e800, 0x000001833ca87000
}

Java Threads: ( => current thread )
  0x000001831826a000 JavaThread "main" [_thread_blocked, id=12560, stack(0x00000040cea00000,0x00000040ceb00000)]
  0x000001833beb6000 JavaThread "Reference Handler" daemon [_thread_blocked, id=14548, stack(0x00000040cf100000,0x00000040cf200000)]
  0x000001833beb9000 JavaThread "Finalizer" daemon [_thread_blocked, id=20756, stack(0x00000040cf200000,0x00000040cf300000)]
  0x000001833becd000 JavaThread "Signal Dispatcher" daemon [_thread_blocked, id=6944, stack(0x00000040cf300000,0x00000040cf400000)]
  0x000001833bed0000 JavaThread "Attach Listener" daemon [_thread_blocked, id=9536, stack(0x00000040cf400000,0x00000040cf500000)]
  0x000001833bed1000 JavaThread "Service Thread" daemon [_thread_blocked, id=12164, stack(0x00000040cf500000,0x00000040cf600000)]
  0x000001833bedc800 JavaThread "C2 CompilerThread0" daemon [_thread_blocked, id=11920, stack(0x00000040cf600000,0x00000040cf700000)]
  0x000001833c8cf800 JavaThread "C1 CompilerThread0" daemon [_thread_blocked, id=17688, stack(0x00000040cf700000,0x00000040cf800000)]
  0x000001833c8dc800 JavaThread "Sweeper thread" daemon [_thread_blocked, id=21244, stack(0x00000040cf800000,0x00000040cf900000)]
  0x000001833ca86000 JavaThread "Common-Cleaner" daemon [_thread_blocked, id=18548, stack(0x00000040cf900000,0x00000040cfa00000)]
=>0x000001833cad8800 JavaThread "JDWP Transport Listener: dt_socket" daemon [_thread_in_vm, id=15984, stack(0x00000040cfb00000,0x00000040cfc00000)]
  0x000001833cb5d800 JavaThread "JDWP Event Helper Thread" daemon [_thread_blocked, id=18020, stack(0x00000040cfc00000,0x00000040cfd00000)]
  0x000001833cb5e800 JavaThread "JDWP Command Reader" daemon [_thread_in_native, id=8808, stack(0x00000040cfd00000,0x00000040cfe00000)]
  0x000001833ca87000 JavaThread "Notification Thread" daemon [_thread_blocked, id=8756, stack(0x00000040cfe00000,0x00000040cff00000)]

Other Threads:
  0x000001833beb1000 VMThread "VM Thread" [stack: 0x00000040cf000000,0x00000040cf100000] [id=11420]
  0x000001833d2da800 WatcherThread [stack: 0x00000040cff00000,0x00000040d0000000] [id=18724]
  0x00000183160ee800 GCTaskThread "GC Thread#0" [stack: 0x00000040ceb00000,0x00000040cec00000] [id=15044]
  0x000001833d327800 GCTaskThread "GC Thread#1" [stack: 0x00000040d0000000,0x00000040d0100000] [id=18480]
  0x000001833d665800 GCTaskThread "GC Thread#2" [stack: 0x00000040d0100000,0x00000040d0200000] [id=19780]
  0x000001833d7ab000 GCTaskThread "GC Thread#3" [stack: 0x00000040d0200000,0x00000040d0300000] [id=6396]
  0x000001833d7ab800 GCTaskThread "GC Thread#4" [stack: 0x00000040d0300000,0x00000040d0400000] [id=1560]
  0x000001833d7ac800 GCTaskThread "GC Thread#5" [stack: 0x00000040d0400000,0x00000040d0500000] [id=15324]
  0x00000183182ee800 ConcurrentGCThread "G1 Main Marker" [stack: 0x00000040cec00000,0x00000040ced00000] [id=21432]
  0x00000183182f0800 ConcurrentGCThread "G1 Conc#0" [stack: 0x00000040ced00000,0x00000040cee00000] [id=8836]
  0x000001833bdf9800 ConcurrentGCThread "G1 Refine#0" [stack: 0x00000040cee00000,0x00000040cef00000] [id=20396]
  0x000001833bdfe800 ConcurrentGCThread "G1 Young RemSet Sampling" [stack: 0x00000040cef00000,0x00000040cf000000] [id=8708]

Threads with active compile tasks:

VM state:not at safepoint (normal execution)

VM Mutex/Monitor currently owned by a thread: None

Heap address: 0x0000000701c00000, size: 4068 MB, Compressed Oops mode: Zero based, Oop shift amount: 3
Narrow klass base: 0x0000000800000000, Narrow klass shift: 3
Compressed class space size: 1073741824 Address: 0x0000000800b30000

Heap:
 garbage-first heap   total 262144K, used 93240K [0x0000000701c00000, 0x0000000800000000)
  region size 1024K, 85 young (87040K), 1 survivors (1024K)
 Metaspace       used 11607K, capacity 12739K, committed 12928K, reserved 1060864K
  class space    used 1732K, capacity 1860K, committed 1920K, reserved 1048576K
Heap Regions: E=young(eden), S=young(survivor), O=old, HS=humongous(starts), HC=humongous(continues), CS=collection set, F=free, OA=open archive, CA=closed archive, TAMS=top-at-mark-start (previous, next)
|   0|0x0000000701c00000, 0x0000000701d00000, 0x0000000701d00000|100%|HS|  |TAMS 0x0000000701c00000, 0x0000000701c00000| Complete 
|   1|0x0000000701d00000, 0x0000000701e00000, 0x0000000701e00000|100%| O|  |TAMS 0x0000000701d00000, 0x0000000701d00000| Untracked 
|   2|0x0000000701e00000, 0x0000000701f00000, 0x0000000701f00000|100%| O|  |TAMS 0x0000000701e00000, 0x0000000701e00000| Untracked 
|   3|0x0000000701f00000, 0x0000000702000000, 0x0000000702000000|100%| O|  |TAMS 0x0000000701f00000, 0x0000000701f00000| Untracked 
|   4|0x0000000702000000, 0x0000000702100000, 0x0000000702100000|100%| O|  |TAMS 0x0000000702000000, 0x0000000702000000| Untracked 
|   5|0x0000000702100000, 0x0000000702200000, 0x0000000702200000|100%| O|  |TAMS 0x0000000702100000, 0x0000000702100000| Untracked 
|   6|0x0000000702200000, 0x0000000702300000, 0x0000000702300000|100%| O|  |TAMS 0x0000000702200000, 0x0000000702200000| Untracked 
|   7|0x0000000702300000, 0x000000070239be00, 0x0000000702400000| 60%| O|  |TAMS 0x0000000702300000, 0x0000000702300000| Untracked 
|   8|0x0000000702400000, 0x0000000702400000, 0x0000000702500000|  0%| F|  |TAMS 0x0000000702400000, 0x0000000702400000| Untracked 
|   9|0x0000000702500000, 0x0000000702500000, 0x0000000702600000|  0%| F|  |TAMS 0x0000000702500000, 0x0000000702500000| Untracked 
|  10|0x0000000702600000, 0x0000000702600000, 0x0000000702700000|  0%| F|  |TAMS 0x0000000702600000, 0x0000000702600000| Untracked 
|  11|0x0000000702700000, 0x0000000702700000, 0x0000000702800000|  0%| F|  |TAMS 0x0000000702700000, 0x0000000702700000| Untracked 
|  12|0x0000000702800000, 0x0000000702800000, 0x0000000702900000|  0%| F|  |TAMS 0x0000000702800000, 0x0000000702800000| Untracked 
|  13|0x0000000702900000, 0x0000000702900000, 0x0000000702a00000|  0%| F|  |TAMS 0x0000000702900000, 0x0000000702900000| Untracked 
|  14|0x0000000702a00000, 0x0000000702a00000, 0x0000000702b00000|  0%| F|  |TAMS 0x0000000702a00000, 0x0000000702a00000| Untracked 
|  15|0x0000000702b00000, 0x0000000702b00000, 0x0000000702c00000|  0%| F|  |TAMS 0x0000000702b00000, 0x0000000702b00000| Untracked 
|  16|0x0000000702c00000, 0x0000000702c00000, 0x0000000702d00000|  0%| F|  |TAMS 0x0000000702c00000, 0x0000000702c00000| Untracked 
|  17|0x0000000702d00000, 0x0000000702d00000, 0x0000000702e00000|  0%| F|  |TAMS 0x0000000702d00000, 0x0000000702d00000| Untracked 
|  18|0x0000000702e00000, 0x0000000702e00000, 0x0000000702f00000|  0%| F|  |TAMS 0x0000000702e00000, 0x0000000702e00000| Untracked 
|  19|0x0000000702f00000, 0x0000000702f00000, 0x0000000703000000|  0%| F|  |TAMS 0x0000000702f00000, 0x0000000702f00000| Untracked 
|  20|0x0000000703000000, 0x0000000703000000, 0x0000000703100000|  0%| F|  |TAMS 0x0000000703000000, 0x0000000703000000| Untracked 
|  21|0x0000000703100000, 0x0000000703100000, 0x0000000703200000|  0%| F|  |TAMS 0x0000000703100000, 0x0000000703100000| Untracked 
|  22|0x0000000703200000, 0x0000000703200000, 0x0000000703300000|  0%| F|  |TAMS 0x0000000703200000, 0x0000000703200000| Untracked 
|  23|0x0000000703300000, 0x0000000703300000, 0x0000000703400000|  0%| F|  |TAMS 0x0000000703300000, 0x0000000703300000| Untracked 
|  24|0x0000000703400000, 0x0000000703400000, 0x0000000703500000|  0%| F|  |TAMS 0x0000000703400000, 0x0000000703400000| Untracked 
|  25|0x0000000703500000, 0x0000000703500000, 0x0000000703600000|  0%| F|  |TAMS 0x0000000703500000, 0x0000000703500000| Untracked 
|  26|0x0000000703600000, 0x0000000703600000, 0x0000000703700000|  0%| F|  |TAMS 0x0000000703600000, 0x0000000703600000| Untracked 
|  27|0x0000000703700000, 0x0000000703700000, 0x0000000703800000|  0%| F|  |TAMS 0x0000000703700000, 0x0000000703700000| Untracked 
|  28|0x0000000703800000, 0x0000000703800000, 0x0000000703900000|  0%| F|  |TAMS 0x0000000703800000, 0x0000000703800000| Untracked 
|  29|0x0000000703900000, 0x0000000703900000, 0x0000000703a00000|  0%| F|  |TAMS 0x0000000703900000, 0x0000000703900000| Untracked 
|  30|0x0000000703a00000, 0x0000000703a00000, 0x0000000703b00000|  0%| F|  |TAMS 0x0000000703a00000, 0x0000000703a00000| Untracked 
|  31|0x0000000703b00000, 0x0000000703b00000, 0x0000000703c00000|  0%| F|  |TAMS 0x0000000703b00000, 0x0000000703b00000| Untracked 
|  32|0x0000000703c00000, 0x0000000703c00000, 0x0000000703d00000|  0%| F|  |TAMS 0x0000000703c00000, 0x0000000703c00000| Untracked 
|  33|0x0000000703d00000, 0x0000000703d00000, 0x0000000703e00000|  0%| F|  |TAMS 0x0000000703d00000, 0x0000000703d00000| Untracked 
|  34|0x0000000703e00000, 0x0000000703e00000, 0x0000000703f00000|  0%| F|  |TAMS 0x0000000703e00000, 0x0000000703e00000| Untracked 
|  35|0x0000000703f00000, 0x0000000703f00000, 0x0000000704000000|  0%| F|  |TAMS 0x0000000703f00000, 0x0000000703f00000| Untracked 
|  36|0x0000000704000000, 0x0000000704000000, 0x0000000704100000|  0%| F|  |TAMS 0x0000000704000000, 0x0000000704000000| Untracked 
|  37|0x0000000704100000, 0x0000000704100000, 0x0000000704200000|  0%| F|  |TAMS 0x0000000704100000, 0x0000000704100000| Untracked 
|  38|0x0000000704200000, 0x0000000704200000, 0x0000000704300000|  0%| F|  |TAMS 0x0000000704200000, 0x0000000704200000| Untracked 
|  39|0x0000000704300000, 0x0000000704300000, 0x0000000704400000|  0%| F|  |TAMS 0x0000000704300000, 0x0000000704300000| Untracked 
|  40|0x0000000704400000, 0x0000000704400000, 0x0000000704500000|  0%| F|  |TAMS 0x0000000704400000, 0x0000000704400000| Untracked 
|  41|0x0000000704500000, 0x0000000704500000, 0x0000000704600000|  0%| F|  |TAMS 0x0000000704500000, 0x0000000704500000| Untracked 
|  42|0x0000000704600000, 0x0000000704600000, 0x0000000704700000|  0%| F|  |TAMS 0x0000000704600000, 0x0000000704600000| Untracked 
|  43|0x0000000704700000, 0x0000000704700000, 0x0000000704800000|  0%| F|  |TAMS 0x0000000704700000, 0x0000000704700000| Untracked 
|  44|0x0000000704800000, 0x0000000704800000, 0x0000000704900000|  0%| F|  |TAMS 0x0000000704800000, 0x0000000704800000| Untracked 
|  45|0x0000000704900000, 0x0000000704900000, 0x0000000704a00000|  0%| F|  |TAMS 0x0000000704900000, 0x0000000704900000| Untracked 
|  46|0x0000000704a00000, 0x0000000704a00000, 0x0000000704b00000|  0%| F|  |TAMS 0x0000000704a00000, 0x0000000704a00000| Untracked 
|  47|0x0000000704b00000, 0x0000000704b00000, 0x0000000704c00000|  0%| F|  |TAMS 0x0000000704b00000, 0x0000000704b00000| Untracked 
|  48|0x0000000704c00000, 0x0000000704c00000, 0x0000000704d00000|  0%| F|  |TAMS 0x0000000704c00000, 0x0000000704c00000| Untracked 
|  49|0x0000000704d00000, 0x0000000704d00000, 0x0000000704e00000|  0%| F|  |TAMS 0x0000000704d00000, 0x0000000704d00000| Untracked 
|  50|0x0000000704e00000, 0x0000000704e00000, 0x0000000704f00000|  0%| F|  |TAMS 0x0000000704e00000, 0x0000000704e00000| Untracked 
|  51|0x0000000704f00000, 0x0000000704f00000, 0x0000000705000000|  0%| F|  |TAMS 0x0000000704f00000, 0x0000000704f00000| Untracked 
|  52|0x0000000705000000, 0x0000000705000000, 0x0000000705100000|  0%| F|  |TAMS 0x0000000705000000, 0x0000000705000000| Untracked 
|  53|0x0000000705100000, 0x0000000705100000, 0x0000000705200000|  0%| F|  |TAMS 0x0000000705100000, 0x0000000705100000| Untracked 
|  54|0x0000000705200000, 0x0000000705200000, 0x0000000705300000|  0%| F|  |TAMS 0x0000000705200000, 0x0000000705200000| Untracked 
|  55|0x0000000705300000, 0x0000000705300000, 0x0000000705400000|  0%| F|  |TAMS 0x0000000705300000, 0x0000000705300000| Untracked 
|  56|0x0000000705400000, 0x0000000705400000, 0x0000000705500000|  0%| F|  |TAMS 0x0000000705400000, 0x0000000705400000| Untracked 
|  57|0x0000000705500000, 0x0000000705500000, 0x0000000705600000|  0%| F|  |TAMS 0x0000000705500000, 0x0000000705500000| Untracked 
|  58|0x0000000705600000, 0x0000000705600000, 0x0000000705700000|  0%| F|  |TAMS 0x0000000705600000, 0x0000000705600000| Untracked 
|  59|0x0000000705700000, 0x0000000705700000, 0x0000000705800000|  0%| F|  |TAMS 0x0000000705700000, 0x0000000705700000| Untracked 
|  60|0x0000000705800000, 0x0000000705800000, 0x0000000705900000|  0%| F|  |TAMS 0x0000000705800000, 0x0000000705800000| Untracked 
|  61|0x0000000705900000, 0x0000000705900000, 0x0000000705a00000|  0%| F|  |TAMS 0x0000000705900000, 0x0000000705900000| Untracked 
|  62|0x0000000705a00000, 0x0000000705a00000, 0x0000000705b00000|  0%| F|  |TAMS 0x0000000705a00000, 0x0000000705a00000| Untracked 
|  63|0x0000000705b00000, 0x0000000705b00000, 0x0000000705c00000|  0%| F|  |TAMS 0x0000000705b00000, 0x0000000705b00000| Untracked 
|  64|0x0000000705c00000, 0x0000000705c00000, 0x0000000705d00000|  0%| F|  |TAMS 0x0000000705c00000, 0x0000000705c00000| Untracked 
|  65|0x0000000705d00000, 0x0000000705d00000, 0x0000000705e00000|  0%| F|  |TAMS 0x0000000705d00000, 0x0000000705d00000| Untracked 
|  66|0x0000000705e00000, 0x0000000705e00000, 0x0000000705f00000|  0%| F|  |TAMS 0x0000000705e00000, 0x0000000705e00000| Untracked 
|  67|0x0000000705f00000, 0x0000000705f00000, 0x0000000706000000|  0%| F|  |TAMS 0x0000000705f00000, 0x0000000705f00000| Untracked 
|  68|0x0000000706000000, 0x0000000706000000, 0x0000000706100000|  0%| F|  |TAMS 0x0000000706000000, 0x0000000706000000| Untracked 
|  69|0x0000000706100000, 0x0000000706100000, 0x0000000706200000|  0%| F|  |TAMS 0x0000000706100000, 0x0000000706100000| Untracked 
|  70|0x0000000706200000, 0x0000000706200000, 0x0000000706300000|  0%| F|  |TAMS 0x0000000706200000, 0x0000000706200000| Untracked 
|  71|0x0000000706300000, 0x0000000706300000, 0x0000000706400000|  0%| F|  |TAMS 0x0000000706300000, 0x0000000706300000| Untracked 
|  72|0x0000000706400000, 0x0000000706400000, 0x0000000706500000|  0%| F|  |TAMS 0x0000000706400000, 0x0000000706400000| Untracked 
|  73|0x0000000706500000, 0x0000000706500000, 0x0000000706600000|  0%| F|  |TAMS 0x0000000706500000, 0x0000000706500000| Untracked 
|  74|0x0000000706600000, 0x0000000706600000, 0x0000000706700000|  0%| F|  |TAMS 0x0000000706600000, 0x0000000706600000| Untracked 
|  75|0x0000000706700000, 0x0000000706700000, 0x0000000706800000|  0%| F|  |TAMS 0x0000000706700000, 0x0000000706700000| Untracked 
|  76|0x0000000706800000, 0x0000000706800000, 0x0000000706900000|  0%| F|  |TAMS 0x0000000706800000, 0x0000000706800000| Untracked 
|  77|0x0000000706900000, 0x0000000706900000, 0x0000000706a00000|  0%| F|  |TAMS 0x0000000706900000, 0x0000000706900000| Untracked 
|  78|0x0000000706a00000, 0x0000000706a00000, 0x0000000706b00000|  0%| F|  |TAMS 0x0000000706a00000, 0x0000000706a00000| Untracked 
|  79|0x0000000706b00000, 0x0000000706b00000, 0x0000000706c00000|  0%| F|  |TAMS 0x0000000706b00000, 0x0000000706b00000| Untracked 
|  80|0x0000000706c00000, 0x0000000706c00000, 0x0000000706d00000|  0%| F|  |TAMS 0x0000000706c00000, 0x0000000706c00000| Untracked 
|  81|0x0000000706d00000, 0x0000000706d00000, 0x0000000706e00000|  0%| F|  |TAMS 0x0000000706d00000, 0x0000000706d00000| Untracked 
|  82|0x0000000706e00000, 0x0000000706e00000, 0x0000000706f00000|  0%| F|  |TAMS 0x0000000706e00000, 0x0000000706e00000| Untracked 
|  83|0x0000000706f00000, 0x0000000706f00000, 0x0000000707000000|  0%| F|  |TAMS 0x0000000706f00000, 0x0000000706f00000| Untracked 
|  84|0x0000000707000000, 0x0000000707000000, 0x0000000707100000|  0%| F|  |TAMS 0x0000000707000000, 0x0000000707000000| Untracked 
|  85|0x0000000707100000, 0x0000000707100000, 0x0000000707200000|  0%| F|  |TAMS 0x0000000707100000, 0x0000000707100000| Untracked 
|  86|0x0000000707200000, 0x0000000707200000, 0x0000000707300000|  0%| F|  |TAMS 0x0000000707200000, 0x0000000707200000| Untracked 
|  87|0x0000000707300000, 0x0000000707300000, 0x0000000707400000|  0%| F|  |TAMS 0x0000000707300000, 0x0000000707300000| Untracked 
|  88|0x0000000707400000, 0x0000000707400000, 0x0000000707500000|  0%| F|  |TAMS 0x0000000707400000, 0x0000000707400000| Untracked 
|  89|0x0000000707500000, 0x0000000707500000, 0x0000000707600000|  0%| F|  |TAMS 0x0000000707500000, 0x0000000707500000| Untracked 
|  90|0x0000000707600000, 0x0000000707600000, 0x0000000707700000|  0%| F|  |TAMS 0x0000000707600000, 0x0000000707600000| Untracked 
|  91|0x0000000707700000, 0x0000000707700000, 0x0000000707800000|  0%| F|  |TAMS 0x0000000707700000, 0x0000000707700000| Untracked 
|  92|0x0000000707800000, 0x0000000707800000, 0x0000000707900000|  0%| F|  |TAMS 0x0000000707800000, 0x0000000707800000| Untracked 
|  93|0x0000000707900000, 0x0000000707900000, 0x0000000707a00000|  0%| F|  |TAMS 0x0000000707900000, 0x0000000707900000| Untracked 
|  94|0x0000000707a00000, 0x0000000707a00000, 0x0000000707b00000|  0%| F|  |TAMS 0x0000000707a00000, 0x0000000707a00000| Untracked 
|  95|0x0000000707b00000, 0x0000000707b00000, 0x0000000707c00000|  0%| F|  |TAMS 0x0000000707b00000, 0x0000000707b00000| Untracked 
|  96|0x0000000707c00000, 0x0000000707c00000, 0x0000000707d00000|  0%| F|  |TAMS 0x0000000707c00000, 0x0000000707c00000| Untracked 
|  97|0x0000000707d00000, 0x0000000707d00000, 0x0000000707e00000|  0%| F|  |TAMS 0x0000000707d00000, 0x0000000707d00000| Untracked 
|  98|0x0000000707e00000, 0x0000000707e00000, 0x0000000707f00000|  0%| F|  |TAMS 0x0000000707e00000, 0x0000000707e00000| Untracked 
|  99|0x0000000707f00000, 0x0000000707f00000, 0x0000000708000000|  0%| F|  |TAMS 0x0000000707f00000, 0x0000000707f00000| Untracked 
| 100|0x0000000708000000, 0x0000000708000000, 0x0000000708100000|  0%| F|  |TAMS 0x0000000708000000, 0x0000000708000000| Untracked 
| 101|0x0000000708100000, 0x0000000708100000, 0x0000000708200000|  0%| F|  |TAMS 0x0000000708100000, 0x0000000708100000| Untracked 
| 102|0x0000000708200000, 0x0000000708200000, 0x0000000708300000|  0%| F|  |TAMS 0x0000000708200000, 0x0000000708200000| Untracked 
| 103|0x0000000708300000, 0x0000000708300000, 0x0000000708400000|  0%| F|  |TAMS 0x0000000708300000, 0x0000000708300000| Untracked 
| 104|0x0000000708400000, 0x0000000708400000, 0x0000000708500000|  0%| F|  |TAMS 0x0000000708400000, 0x0000000708400000| Untracked 
| 105|0x0000000708500000, 0x0000000708500000, 0x0000000708600000|  0%| F|  |TAMS 0x0000000708500000, 0x0000000708500000| Untracked 
| 106|0x0000000708600000, 0x0000000708600000, 0x0000000708700000|  0%| F|  |TAMS 0x0000000708600000, 0x0000000708600000| Untracked 
| 107|0x0000000708700000, 0x0000000708700000, 0x0000000708800000|  0%| F|  |TAMS 0x0000000708700000, 0x0000000708700000| Untracked 
| 108|0x0000000708800000, 0x0000000708800000, 0x0000000708900000|  0%| F|  |TAMS 0x0000000708800000, 0x0000000708800000| Untracked 
| 109|0x0000000708900000, 0x0000000708900000, 0x0000000708a00000|  0%| F|  |TAMS 0x0000000708900000, 0x0000000708900000| Untracked 
| 110|0x0000000708a00000, 0x0000000708a00000, 0x0000000708b00000|  0%| F|  |TAMS 0x0000000708a00000, 0x0000000708a00000| Untracked 
| 111|0x0000000708b00000, 0x0000000708b00000, 0x0000000708c00000|  0%| F|  |TAMS 0x0000000708b00000, 0x0000000708b00000| Untracked 
| 112|0x0000000708c00000, 0x0000000708c00000, 0x0000000708d00000|  0%| F|  |TAMS 0x0000000708c00000, 0x0000000708c00000| Untracked 
| 113|0x0000000708d00000, 0x0000000708d00000, 0x0000000708e00000|  0%| F|  |TAMS 0x0000000708d00000, 0x0000000708d00000| Untracked 
| 114|0x0000000708e00000, 0x0000000708e00000, 0x0000000708f00000|  0%| F|  |TAMS 0x0000000708e00000, 0x0000000708e00000| Untracked 
| 115|0x0000000708f00000, 0x0000000708f00000, 0x0000000709000000|  0%| F|  |TAMS 0x0000000708f00000, 0x0000000708f00000| Untracked 
| 116|0x0000000709000000, 0x0000000709000000, 0x0000000709100000|  0%| F|  |TAMS 0x0000000709000000, 0x0000000709000000| Untracked 
| 117|0x0000000709100000, 0x0000000709100000, 0x0000000709200000|  0%| F|  |TAMS 0x0000000709100000, 0x0000000709100000| Untracked 
| 118|0x0000000709200000, 0x0000000709200000, 0x0000000709300000|  0%| F|  |TAMS 0x0000000709200000, 0x0000000709200000| Untracked 
| 119|0x0000000709300000, 0x0000000709300000, 0x0000000709400000|  0%| F|  |TAMS 0x0000000709300000, 0x0000000709300000| Untracked 
| 120|0x0000000709400000, 0x0000000709400000, 0x0000000709500000|  0%| F|  |TAMS 0x0000000709400000, 0x0000000709400000| Untracked 
| 121|0x0000000709500000, 0x0000000709500000, 0x0000000709600000|  0%| F|  |TAMS 0x0000000709500000, 0x0000000709500000| Untracked 
| 122|0x0000000709600000, 0x0000000709600000, 0x0000000709700000|  0%| F|  |TAMS 0x0000000709600000, 0x0000000709600000| Untracked 
| 123|0x0000000709700000, 0x0000000709700000, 0x0000000709800000|  0%| F|  |TAMS 0x0000000709700000, 0x0000000709700000| Untracked 
| 124|0x0000000709800000, 0x0000000709800000, 0x0000000709900000|  0%| F|  |TAMS 0x0000000709800000, 0x0000000709800000| Untracked 
| 125|0x0000000709900000, 0x0000000709900000, 0x0000000709a00000|  0%| F|  |TAMS 0x0000000709900000, 0x0000000709900000| Untracked 
| 126|0x0000000709a00000, 0x0000000709a00000, 0x0000000709b00000|  0%| F|  |TAMS 0x0000000709a00000, 0x0000000709a00000| Untracked 
| 127|0x0000000709b00000, 0x0000000709b00000, 0x0000000709c00000|  0%| F|  |TAMS 0x0000000709b00000, 0x0000000709b00000| Untracked 
| 128|0x0000000709c00000, 0x0000000709c00000, 0x0000000709d00000|  0%| F|  |TAMS 0x0000000709c00000, 0x0000000709c00000| Untracked 
| 129|0x0000000709d00000, 0x0000000709d00000, 0x0000000709e00000|  0%| F|  |TAMS 0x0000000709d00000, 0x0000000709d00000| Untracked 
| 130|0x0000000709e00000, 0x0000000709e00000, 0x0000000709f00000|  0%| F|  |TAMS 0x0000000709e00000, 0x0000000709e00000| Untracked 
| 131|0x0000000709f00000, 0x0000000709f00000, 0x000000070a000000|  0%| F|  |TAMS 0x0000000709f00000, 0x0000000709f00000| Untracked 
| 132|0x000000070a000000, 0x000000070a000000, 0x000000070a100000|  0%| F|  |TAMS 0x000000070a000000, 0x000000070a000000| Untracked 
| 133|0x000000070a100000, 0x000000070a100000, 0x000000070a200000|  0%| F|  |TAMS 0x000000070a100000, 0x000000070a100000| Untracked 
| 134|0x000000070a200000, 0x000000070a200000, 0x000000070a300000|  0%| F|  |TAMS 0x000000070a200000, 0x000000070a200000| Untracked 
| 135|0x000000070a300000, 0x000000070a300000, 0x000000070a400000|  0%| F|  |TAMS 0x000000070a300000, 0x000000070a300000| Untracked 
| 136|0x000000070a400000, 0x000000070a400000, 0x000000070a500000|  0%| F|  |TAMS 0x000000070a400000, 0x000000070a400000| Untracked 
| 137|0x000000070a500000, 0x000000070a500000, 0x000000070a600000|  0%| F|  |TAMS 0x000000070a500000, 0x000000070a500000| Untracked 
| 138|0x000000070a600000, 0x000000070a600000, 0x000000070a700000|  0%| F|  |TAMS 0x000000070a600000, 0x000000070a600000| Untracked 
| 139|0x000000070a700000, 0x000000070a700000, 0x000000070a800000|  0%| F|  |TAMS 0x000000070a700000, 0x000000070a700000| Untracked 
| 140|0x000000070a800000, 0x000000070a800000, 0x000000070a900000|  0%| F|  |TAMS 0x000000070a800000, 0x000000070a800000| Untracked 
| 141|0x000000070a900000, 0x000000070a900000, 0x000000070aa00000|  0%| F|  |TAMS 0x000000070a900000, 0x000000070a900000| Untracked 
| 142|0x000000070aa00000, 0x000000070aa00000, 0x000000070ab00000|  0%| F|  |TAMS 0x000000070aa00000, 0x000000070aa00000| Untracked 
| 143|0x000000070ab00000, 0x000000070ab00000, 0x000000070ac00000|  0%| F|  |TAMS 0x000000070ab00000, 0x000000070ab00000| Untracked 
| 144|0x000000070ac00000, 0x000000070ac00000, 0x000000070ad00000|  0%| F|  |TAMS 0x000000070ac00000, 0x000000070ac00000| Untracked 
| 145|0x000000070ad00000, 0x000000070ad00000, 0x000000070ae00000|  0%| F|  |TAMS 0x000000070ad00000, 0x000000070ad00000| Untracked 
| 146|0x000000070ae00000, 0x000000070ae00000, 0x000000070af00000|  0%| F|  |TAMS 0x000000070ae00000, 0x000000070ae00000| Untracked 
| 147|0x000000070af00000, 0x000000070af00000, 0x000000070b000000|  0%| F|  |TAMS 0x000000070af00000, 0x000000070af00000| Untracked 
| 148|0x000000070b000000, 0x000000070b000000, 0x000000070b100000|  0%| F|  |TAMS 0x000000070b000000, 0x000000070b000000| Untracked 
| 149|0x000000070b100000, 0x000000070b100000, 0x000000070b200000|  0%| F|  |TAMS 0x000000070b100000, 0x000000070b100000| Untracked 
| 150|0x000000070b200000, 0x000000070b200000, 0x000000070b300000|  0%| F|  |TAMS 0x000000070b200000, 0x000000070b200000| Untracked 
| 151|0x000000070b300000, 0x000000070b300000, 0x000000070b400000|  0%| F|  |TAMS 0x000000070b300000, 0x000000070b300000| Untracked 
| 152|0x000000070b400000, 0x000000070b400000, 0x000000070b500000|  0%| F|  |TAMS 0x000000070b400000, 0x000000070b400000| Untracked 
| 153|0x000000070b500000, 0x000000070b500000, 0x000000070b600000|  0%| F|  |TAMS 0x000000070b500000, 0x000000070b500000| Untracked 
| 154|0x000000070b600000, 0x000000070b600000, 0x000000070b700000|  0%| F|  |TAMS 0x000000070b600000, 0x000000070b600000| Untracked 
| 155|0x000000070b700000, 0x000000070b700000, 0x000000070b800000|  0%| F|  |TAMS 0x000000070b700000, 0x000000070b700000| Untracked 
| 156|0x000000070b800000, 0x000000070b800000, 0x000000070b900000|  0%| F|  |TAMS 0x000000070b800000, 0x000000070b800000| Untracked 
| 157|0x000000070b900000, 0x000000070b900000, 0x000000070ba00000|  0%| F|  |TAMS 0x000000070b900000, 0x000000070b900000| Untracked 
| 158|0x000000070ba00000, 0x000000070ba00000, 0x000000070bb00000|  0%| F|  |TAMS 0x000000070ba00000, 0x000000070ba00000| Untracked 
| 159|0x000000070bb00000, 0x000000070bb00000, 0x000000070bc00000|  0%| F|  |TAMS 0x000000070bb00000, 0x000000070bb00000| Untracked 
| 160|0x000000070bc00000, 0x000000070bc00000, 0x000000070bd00000|  0%| F|  |TAMS 0x000000070bc00000, 0x000000070bc00000| Untracked 
| 161|0x000000070bd00000, 0x000000070bd00000, 0x000000070be00000|  0%| F|  |TAMS 0x000000070bd00000, 0x000000070bd00000| Untracked 
| 162|0x000000070be00000, 0x000000070be00000, 0x000000070bf00000|  0%| F|  |TAMS 0x000000070be00000, 0x000000070be00000| Untracked 
| 163|0x000000070bf00000, 0x000000070bf00000, 0x000000070c000000|  0%| F|  |TAMS 0x000000070bf00000, 0x000000070bf00000| Untracked 
| 164|0x000000070c000000, 0x000000070c000000, 0x000000070c100000|  0%| F|  |TAMS 0x000000070c000000, 0x000000070c000000| Untracked 
| 165|0x000000070c100000, 0x000000070c100000, 0x000000070c200000|  0%| F|  |TAMS 0x000000070c100000, 0x000000070c100000| Untracked 
| 166|0x000000070c200000, 0x000000070c200000, 0x000000070c300000|  0%| F|  |TAMS 0x000000070c200000, 0x000000070c200000| Untracked 
| 167|0x000000070c300000, 0x000000070c300000, 0x000000070c400000|  0%| F|  |TAMS 0x000000070c300000, 0x000000070c300000| Untracked 
| 168|0x000000070c400000, 0x000000070c400000, 0x000000070c500000|  0%| F|  |TAMS 0x000000070c400000, 0x000000070c400000| Untracked 
| 169|0x000000070c500000, 0x000000070c500000, 0x000000070c600000|  0%| F|  |TAMS 0x000000070c500000, 0x000000070c500000| Untracked 
| 170|0x000000070c600000, 0x000000070c600000, 0x000000070c700000|  0%| F|  |TAMS 0x000000070c600000, 0x000000070c600000| Untracked 
| 171|0x000000070c700000, 0x000000070c800000, 0x000000070c800000|100%| E|  |TAMS 0x000000070c700000, 0x000000070c700000| Complete 
| 172|0x000000070c800000, 0x000000070c900000, 0x000000070c900000|100%| E|CS|TAMS 0x000000070c800000, 0x000000070c800000| Complete 
| 173|0x000000070c900000, 0x000000070ca00000, 0x000000070ca00000|100%| E|CS|TAMS 0x000000070c900000, 0x000000070c900000| Complete 
| 174|0x000000070ca00000, 0x000000070cb00000, 0x000000070cb00000|100%| E|CS|TAMS 0x000000070ca00000, 0x000000070ca00000| Complete 
| 175|0x000000070cb00000, 0x000000070cc00000, 0x000000070cc00000|100%| E|CS|TAMS 0x000000070cb00000, 0x000000070cb00000| Complete 
| 176|0x000000070cc00000, 0x000000070cd00000, 0x000000070cd00000|100%| E|CS|TAMS 0x000000070cc00000, 0x000000070cc00000| Complete 
| 177|0x000000070cd00000, 0x000000070ce00000, 0x000000070ce00000|100%| E|CS|TAMS 0x000000070cd00000, 0x000000070cd00000| Complete 
| 178|0x000000070ce00000, 0x000000070cf00000, 0x000000070cf00000|100%| E|CS|TAMS 0x000000070ce00000, 0x000000070ce00000| Complete 
| 179|0x000000070cf00000, 0x000000070d000000, 0x000000070d000000|100%| E|CS|TAMS 0x000000070cf00000, 0x000000070cf00000| Complete 
| 180|0x000000070d000000, 0x000000070d100000, 0x000000070d100000|100%| E|CS|TAMS 0x000000070d000000, 0x000000070d000000| Complete 
| 181|0x000000070d100000, 0x000000070d200000, 0x000000070d200000|100%| E|CS|TAMS 0x000000070d100000, 0x000000070d100000| Complete 
| 182|0x000000070d200000, 0x000000070d300000, 0x000000070d300000|100%| E|CS|TAMS 0x000000070d200000, 0x000000070d200000| Complete 
| 183|0x000000070d300000, 0x000000070d400000, 0x000000070d400000|100%| E|CS|TAMS 0x000000070d300000, 0x000000070d300000| Complete 
| 184|0x000000070d400000, 0x000000070d500000, 0x000000070d500000|100%| E|CS|TAMS 0x000000070d400000, 0x000000070d400000| Complete 
| 185|0x000000070d500000, 0x000000070d600000, 0x000000070d600000|100%| E|CS|TAMS 0x000000070d500000, 0x000000070d500000| Complete 
| 186|0x000000070d600000, 0x000000070d700000, 0x000000070d700000|100%| E|CS|TAMS 0x000000070d600000, 0x000000070d600000| Complete 
| 187|0x000000070d700000, 0x000000070d800000, 0x000000070d800000|100%| E|CS|TAMS 0x000000070d700000, 0x000000070d700000| Complete 
| 188|0x000000070d800000, 0x000000070d900000, 0x000000070d900000|100%| E|CS|TAMS 0x000000070d800000, 0x000000070d800000| Complete 
| 189|0x000000070d900000, 0x000000070da00000, 0x000000070da00000|100%| E|CS|TAMS 0x000000070d900000, 0x000000070d900000| Complete 
| 190|0x000000070da00000, 0x000000070db00000, 0x000000070db00000|100%| E|CS|TAMS 0x000000070da00000, 0x000000070da00000| Complete 
| 191|0x000000070db00000, 0x000000070dc00000, 0x000000070dc00000|100%| E|CS|TAMS 0x000000070db00000, 0x000000070db00000| Complete 
| 192|0x000000070dc00000, 0x000000070dd00000, 0x000000070dd00000|100%| E|CS|TAMS 0x000000070dc00000, 0x000000070dc00000| Complete 
| 193|0x000000070dd00000, 0x000000070de00000, 0x000000070de00000|100%| E|CS|TAMS 0x000000070dd00000, 0x000000070dd00000| Complete 
| 194|0x000000070de00000, 0x000000070df00000, 0x000000070df00000|100%| E|CS|TAMS 0x000000070de00000, 0x000000070de00000| Complete 
| 195|0x000000070df00000, 0x000000070e000000, 0x000000070e000000|100%| E|CS|TAMS 0x000000070df00000, 0x000000070df00000| Complete 
| 196|0x000000070e000000, 0x000000070e100000, 0x000000070e100000|100%| E|CS|TAMS 0x000000070e000000, 0x000000070e000000| Complete 
| 197|0x000000070e100000, 0x000000070e200000, 0x000000070e200000|100%| E|CS|TAMS 0x000000070e100000, 0x000000070e100000| Complete 
| 198|0x000000070e200000, 0x000000070e300000, 0x000000070e300000|100%| E|CS|TAMS 0x000000070e200000, 0x000000070e200000| Complete 
| 199|0x000000070e300000, 0x000000070e400000, 0x000000070e400000|100%| E|CS|TAMS 0x000000070e300000, 0x000000070e300000| Complete 
| 200|0x000000070e400000, 0x000000070e500000, 0x000000070e500000|100%| E|CS|TAMS 0x000000070e400000, 0x000000070e400000| Complete 
| 201|0x000000070e500000, 0x000000070e600000, 0x000000070e600000|100%| E|CS|TAMS 0x000000070e500000, 0x000000070e500000| Complete 
| 202|0x000000070e600000, 0x000000070e700000, 0x000000070e700000|100%| E|CS|TAMS 0x000000070e600000, 0x000000070e600000| Complete 
| 203|0x000000070e700000, 0x000000070e800000, 0x000000070e800000|100%| E|CS|TAMS 0x000000070e700000, 0x000000070e700000| Complete 
| 204|0x000000070e800000, 0x000000070e900000, 0x000000070e900000|100%| E|CS|TAMS 0x000000070e800000, 0x000000070e800000| Complete 
| 205|0x000000070e900000, 0x000000070ea00000, 0x000000070ea00000|100%| E|CS|TAMS 0x000000070e900000, 0x000000070e900000| Complete 
| 206|0x000000070ea00000, 0x000000070eb00000, 0x000000070eb00000|100%| E|CS|TAMS 0x000000070ea00000, 0x000000070ea00000| Complete 
| 207|0x000000070eb00000, 0x000000070ec00000, 0x000000070ec00000|100%| E|CS|TAMS 0x000000070eb00000, 0x000000070eb00000| Complete 
| 208|0x000000070ec00000, 0x000000070ed00000, 0x000000070ed00000|100%| E|CS|TAMS 0x000000070ec00000, 0x000000070ec00000| Complete 
| 209|0x000000070ed00000, 0x000000070ee00000, 0x000000070ee00000|100%| E|CS|TAMS 0x000000070ed00000, 0x000000070ed00000| Complete 
| 210|0x000000070ee00000, 0x000000070ef00000, 0x000000070ef00000|100%| E|CS|TAMS 0x000000070ee00000, 0x000000070ee00000| Complete 
| 211|0x000000070ef00000, 0x000000070f000000, 0x000000070f000000|100%| E|CS|TAMS 0x000000070ef00000, 0x000000070ef00000| Complete 
| 212|0x000000070f000000, 0x000000070f100000, 0x000000070f100000|100%| E|CS|TAMS 0x000000070f000000, 0x000000070f000000| Complete 
| 213|0x000000070f100000, 0x000000070f200000, 0x000000070f200000|100%| E|CS|TAMS 0x000000070f100000, 0x000000070f100000| Complete 
| 214|0x000000070f200000, 0x000000070f300000, 0x000000070f300000|100%| E|CS|TAMS 0x000000070f200000, 0x000000070f200000| Complete 
| 215|0x000000070f300000, 0x000000070f400000, 0x000000070f400000|100%| E|CS|TAMS 0x000000070f300000, 0x000000070f300000| Complete 
| 216|0x000000070f400000, 0x000000070f500000, 0x000000070f500000|100%| E|CS|TAMS 0x000000070f400000, 0x000000070f400000| Complete 
| 217|0x000000070f500000, 0x000000070f600000, 0x000000070f600000|100%| E|CS|TAMS 0x000000070f500000, 0x000000070f500000| Complete 
| 218|0x000000070f600000, 0x000000070f700000, 0x000000070f700000|100%| E|CS|TAMS 0x000000070f600000, 0x000000070f600000| Complete 
| 219|0x000000070f700000, 0x000000070f800000, 0x000000070f800000|100%| E|CS|TAMS 0x000000070f700000, 0x000000070f700000| Complete 
| 220|0x000000070f800000, 0x000000070f900000, 0x000000070f900000|100%| E|CS|TAMS 0x000000070f800000, 0x000000070f800000| Complete 
| 221|0x000000070f900000, 0x000000070fa00000, 0x000000070fa00000|100%| E|CS|TAMS 0x000000070f900000, 0x000000070f900000| Complete 
| 222|0x000000070fa00000, 0x000000070fb00000, 0x000000070fb00000|100%| E|CS|TAMS 0x000000070fa00000, 0x000000070fa00000| Complete 
| 223|0x000000070fb00000, 0x000000070fc00000, 0x000000070fc00000|100%| E|CS|TAMS 0x000000070fb00000, 0x000000070fb00000| Complete 
| 224|0x000000070fc00000, 0x000000070fd00000, 0x000000070fd00000|100%| E|CS|TAMS 0x000000070fc00000, 0x000000070fc00000| Complete 
| 225|0x000000070fd00000, 0x000000070fd725b0, 0x000000070fe00000| 44%| S|CS|TAMS 0x000000070fd00000, 0x000000070fd00000| Complete 
| 226|0x000000070fe00000, 0x000000070ff00000, 0x000000070ff00000|100%| E|CS|TAMS 0x000000070fe00000, 0x000000070fe00000| Complete 
| 227|0x000000070ff00000, 0x0000000710000000, 0x0000000710000000|100%| E|CS|TAMS 0x000000070ff00000, 0x000000070ff00000| Complete 
| 228|0x0000000710000000, 0x0000000710100000, 0x0000000710100000|100%| E|CS|TAMS 0x0000000710000000, 0x0000000710000000| Complete 
| 229|0x0000000710100000, 0x0000000710200000, 0x0000000710200000|100%| E|CS|TAMS 0x0000000710100000, 0x0000000710100000| Complete 
| 230|0x0000000710200000, 0x0000000710300000, 0x0000000710300000|100%| E|CS|TAMS 0x0000000710200000, 0x0000000710200000| Complete 
| 231|0x0000000710300000, 0x0000000710400000, 0x0000000710400000|100%| E|CS|TAMS 0x0000000710300000, 0x0000000710300000| Complete 
| 232|0x0000000710400000, 0x0000000710500000, 0x0000000710500000|100%| E|CS|TAMS 0x0000000710400000, 0x0000000710400000| Complete 
| 233|0x0000000710500000, 0x0000000710600000, 0x0000000710600000|100%| E|CS|TAMS 0x0000000710500000, 0x0000000710500000| Complete 
| 234|0x0000000710600000, 0x0000000710700000, 0x0000000710700000|100%| E|CS|TAMS 0x0000000710600000, 0x0000000710600000| Complete 
| 235|0x0000000710700000, 0x0000000710800000, 0x0000000710800000|100%| E|CS|TAMS 0x0000000710700000, 0x0000000710700000| Complete 
| 236|0x0000000710800000, 0x0000000710900000, 0x0000000710900000|100%| E|CS|TAMS 0x0000000710800000, 0x0000000710800000| Complete 
| 237|0x0000000710900000, 0x0000000710a00000, 0x0000000710a00000|100%| E|CS|TAMS 0x0000000710900000, 0x0000000710900000| Complete 
| 238|0x0000000710a00000, 0x0000000710b00000, 0x0000000710b00000|100%| E|CS|TAMS 0x0000000710a00000, 0x0000000710a00000| Complete 
| 239|0x0000000710b00000, 0x0000000710c00000, 0x0000000710c00000|100%| E|CS|TAMS 0x0000000710b00000, 0x0000000710b00000| Complete 
| 240|0x0000000710c00000, 0x0000000710d00000, 0x0000000710d00000|100%| E|CS|TAMS 0x0000000710c00000, 0x0000000710c00000| Complete 
| 241|0x0000000710d00000, 0x0000000710e00000, 0x0000000710e00000|100%| E|CS|TAMS 0x0000000710d00000, 0x0000000710d00000| Complete 
| 242|0x0000000710e00000, 0x0000000710f00000, 0x0000000710f00000|100%| E|CS|TAMS 0x0000000710e00000, 0x0000000710e00000| Complete 
| 243|0x0000000710f00000, 0x0000000711000000, 0x0000000711000000|100%| E|CS|TAMS 0x0000000710f00000, 0x0000000710f00000| Complete 
| 244|0x0000000711000000, 0x0000000711100000, 0x0000000711100000|100%| E|CS|TAMS 0x0000000711000000, 0x0000000711000000| Complete 
| 245|0x0000000711100000, 0x0000000711200000, 0x0000000711200000|100%| E|CS|TAMS 0x0000000711100000, 0x0000000711100000| Complete 
| 246|0x0000000711200000, 0x0000000711300000, 0x0000000711300000|100%| E|CS|TAMS 0x0000000711200000, 0x0000000711200000| Complete 
| 247|0x0000000711300000, 0x0000000711400000, 0x0000000711400000|100%| E|CS|TAMS 0x0000000711300000, 0x0000000711300000| Complete 
| 248|0x0000000711400000, 0x0000000711500000, 0x0000000711500000|100%| E|CS|TAMS 0x0000000711400000, 0x0000000711400000| Complete 
| 249|0x0000000711500000, 0x0000000711600000, 0x0000000711600000|100%| E|CS|TAMS 0x0000000711500000, 0x0000000711500000| Complete 
| 250|0x0000000711600000, 0x0000000711700000, 0x0000000711700000|100%| E|CS|TAMS 0x0000000711600000, 0x0000000711600000| Complete 
| 251|0x0000000711700000, 0x0000000711800000, 0x0000000711800000|100%| E|CS|TAMS 0x0000000711700000, 0x0000000711700000| Complete 
| 252|0x0000000711800000, 0x0000000711900000, 0x0000000711900000|100%| E|CS|TAMS 0x0000000711800000, 0x0000000711800000| Complete 
| 253|0x0000000711900000, 0x0000000711a00000, 0x0000000711a00000|100%| E|CS|TAMS 0x0000000711900000, 0x0000000711900000| Complete 
| 254|0x0000000711a00000, 0x0000000711b00000, 0x0000000711b00000|100%| E|CS|TAMS 0x0000000711a00000, 0x0000000711a00000| Complete 
| 255|0x0000000711b00000, 0x0000000711c00000, 0x0000000711c00000|100%| E|CS|TAMS 0x0000000711b00000, 0x0000000711b00000| Complete 

Card table byte_map: [0x0000018330530000,0x0000018330d30000] _byte_map_base: 0x000001832cd22000

Marking Bits (Prev, Next): (CMBitMap*) 0x00000183182cdf88, (CMBitMap*) 0x00000183182cdfc8
 Prev Bits: [0x0000018331530000, 0x00000183354c0000)
 Next Bits: [0x00000183354c0000, 0x0000018339450000)

Polling page: 0x00000183161c0000

Metaspace:

Usage:
  Non-class:     10.62 MB capacity,     9.64 MB ( 91%) used,   982.80 KB (  9%) free+waste,    21.25 KB ( <1%) overhead. 
      Class:      1.82 MB capacity,     1.69 MB ( 93%) used,   117.24 KB (  6%) free+waste,    10.50 KB ( <1%) overhead. 
       Both:     12.44 MB capacity,    11.34 MB ( 91%) used,     1.07 MB (  9%) free+waste,    31.75 KB ( <1%) overhead. 

Virtual space:
  Non-class space:       12.00 MB reserved,      10.75 MB ( 90%) committed 
      Class space:        1.00 GB reserved,       1.88 MB ( <1%) committed 
             Both:        1.01 GB reserved,      12.63 MB (  1%) committed 

Chunk freelists:
   Non-Class:  1.00 KB
       Class:  0 bytes
        Both:  1.00 KB

MaxMetaspaceSize: 17179869184.00 GB
CompressedClassSpaceSize: 1.00 GB

CodeHeap 'non-profiled nmethods': size=120000Kb used=826Kb max_used=826Kb free=119173Kb
 bounds [0x00000183284d0000, 0x0000018328740000, 0x000001832fa00000]
CodeHeap 'profiled nmethods': size=120000Kb used=4037Kb max_used=4037Kb free=115962Kb
 bounds [0x0000018320fa0000, 0x00000183213a0000, 0x00000183284d0000]
CodeHeap 'non-nmethods': size=5760Kb used=1299Kb max_used=1309Kb free=4460Kb
 bounds [0x0000018320a00000, 0x0000018320c70000, 0x0000018320fa0000]
 total_blobs=3251 nmethods=2032 adapters=383
 compilation: enabled
              stopped_count=0, restarted_count=0
 full_count=0

Compilation events (20 events):
Event: 2.060 Thread 0x000001833c8cf800 2021       3       java.lang.invoke.MemberName::isResolved (13 bytes)
Event: 2.060 Thread 0x000001833c8cf800 nmethod 2021 0x0000018321388510 code [0x00000183213886a0, 0x0000018321388818]
Event: 2.061 Thread 0x000001833c8cf800 2022       3       java.lang.invoke.MemberName::isStatic (8 bytes)
Event: 2.061 Thread 0x000001833c8cf800 nmethod 2022 0x0000018321388890 code [0x0000018321388a20, 0x0000018321388bf8]
Event: 2.061 Thread 0x000001833ca95800 2023 % !   4       java.util.concurrent.ConcurrentHashMap::transfer @ 96 (849 bytes)
Event: 2.065 Thread 0x000001833c8cf800 2024       3       jdk.internal.org.objectweb.asm.MethodWriter::visitEnd (1 bytes)
Event: 2.065 Thread 0x000001833c8cf800 nmethod 2024 0x0000018321388c90 code [0x0000018321388e20, 0x0000018321388f38]
Event: 2.066 Thread 0x000001833c8cf800 2028       3       jdk.internal.org.objectweb.asm.Handler::putExceptionTable (63 bytes)
Event: 2.066 Thread 0x000001833c8cf800 nmethod 2028 0x0000018321389010 code [0x0000018321389220, 0x00000183213896a8]
Event: 2.066 Thread 0x000001833c8cf800 2025       3       jdk.internal.org.objectweb.asm.MethodWriter::computeMethodInfoSize (704 bytes)
Event: 2.067 Thread 0x000001833c8cf800 nmethod 2025 0x0000018321389990 code [0x0000018321389d40, 0x000001832138b158]
Event: 2.067 Thread 0x000001833c8cf800 2026       3       jdk.internal.org.objectweb.asm.MethodWriter::hasFrames (13 bytes)
Event: 2.068 Thread 0x000001833c8cf800 nmethod 2026 0x000001832138ba10 code [0x000001832138bba0, 0x000001832138bd18]
Event: 2.068 Thread 0x000001833c8cf800 2027       3       jdk.internal.org.objectweb.asm.MethodWriter::putMethodInfo (1431 bytes)
Event: 2.072 Thread 0x000001833c8cf800 nmethod 2027 0x000001832138bd90 code [0x000001832138c560, 0x000001832138f408]
Event: 2.072 Thread 0x000001833c8cf800 2029       3       jdk.internal.org.objectweb.asm.MethodWriter::visitCode (1 bytes)
Event: 2.072 Thread 0x000001833c8cf800 nmethod 2029 0x0000018321390a10 code [0x0000018321390ba0, 0x0000018321390cb8]
Event: 2.072 Thread 0x000001833c8cf800 2030   !   3       java.lang.invoke.MemberName::clone (14 bytes)
Event: 2.072 Thread 0x000001833c8cf800 nmethod 2030 0x0000018321390d90 code [0x0000018321390f60, 0x0000018321391318]
Event: 2.084 Thread 0x000001833ca95800 nmethod 2023% 0x000001832859bd90 code [0x000001832859c020, 0x000001832859d928]

GC Heap History (4 events):
Event: 0.782 GC heap before
{Heap before GC invocations=0 (full 0):
 garbage-first heap   total 262144K, used 23552K [0x0000000701c00000, 0x0000000800000000)
  region size 1024K, 23 young (23552K), 0 survivors (0K)
 Metaspace       used 2853K, capacity 5637K, committed 5760K, reserved 1056768K
  class space    used 325K, capacity 602K, committed 640K, reserved 1048576K
}
Event: 0.786 GC heap after
{Heap after GC invocations=1 (full 0):
 garbage-first heap   total 262144K, used 8188K [0x0000000701c00000, 0x0000000800000000)
  region size 1024K, 3 young (3072K), 3 survivors (3072K)
 Metaspace       used 2853K, capacity 5637K, committed 5760K, reserved 1056768K
  class space    used 325K, capacity 602K, committed 640K, reserved 1048576K
}
Event: 1.041 GC heap before
{Heap before GC invocations=1 (full 0):
 garbage-first heap   total 262144K, used 35836K [0x0000000701c00000, 0x0000000800000000)
  region size 1024K, 30 young (30720K), 3 survivors (3072K)
 Metaspace       used 5024K, capacity 7523K, committed 7680K, reserved 1056768K
  class space    used 737K, capacity 993K, committed 1024K, reserved 1048576K
}
Event: 1.044 GC heap after
{Heap after GC invocations=2 (full 0):
 garbage-first heap   total 262144K, used 8248K [0x0000000701c00000, 0x0000000800000000)
  region size 1024K, 1 young (1024K), 1 survivors (1024K)
 Metaspace       used 5024K, capacity 7523K, committed 7680K, reserved 1056768K
  class space    used 737K, capacity 993K, committed 1024K, reserved 1048576K
}

Deoptimization events (20 events):
Event: 1.998 Thread 0x000001831826a000 Uncommon trap: trap_request=0xffffff45 fr.pc=0x000001832858cd80 relative=0x00000000000003e0
Event: 1.998 Thread 0x000001831826a000 Uncommon trap: reason=unstable_if action=reinterpret pc=0x000001832858cd80 method=java.io.BufferedReader.read()I @ 19 c2
Event: 1.998 Thread 0x000001831826a000 DEOPT PACKING pc=0x000001832858cd80 sp=0x00000040ceafb310
Event: 1.998 Thread 0x000001831826a000 DEOPT UNPACKING pc=0x0000018320a4912f sp=0x00000040ceafb250 mode 2
Event: 2.037 Thread 0x000001831826a000 Uncommon trap: trap_request=0xffffff45 fr.pc=0x00000183284e75b0 relative=0x00000000000004b0
Event: 2.037 Thread 0x000001831826a000 Uncommon trap: reason=unstable_if action=reinterpret pc=0x00000183284e75b0 method=java.lang.StringLatin1.canEncode(I)Z @ 4 c2
Event: 2.037 Thread 0x000001831826a000 DEOPT PACKING pc=0x00000183284e75b0 sp=0x00000040ceafc680
Event: 2.037 Thread 0x000001831826a000 DEOPT UNPACKING pc=0x0000018320a4912f sp=0x00000040ceafc5b8 mode 2
Event: 2.037 Thread 0x000001831826a000 Uncommon trap: trap_request=0xffffff45 fr.pc=0x00000183284e99b4 relative=0x0000000000000434
Event: 2.037 Thread 0x000001831826a000 Uncommon trap: reason=unstable_if action=reinterpret pc=0x00000183284e99b4 method=java.lang.AbstractStringBuilder.isLatin1()Z @ 10 c2
Event: 2.037 Thread 0x000001831826a000 DEOPT PACKING pc=0x00000183284e99b4 sp=0x00000040ceafc690
Event: 2.037 Thread 0x000001831826a000 DEOPT UNPACKING pc=0x0000018320a4912f sp=0x00000040ceafc620 mode 2
Event: 2.037 Thread 0x000001831826a000 Uncommon trap: trap_request=0xffffff45 fr.pc=0x00000183284f090c relative=0x000000000000006c
Event: 2.037 Thread 0x000001831826a000 Uncommon trap: reason=unstable_if action=reinterpret pc=0x00000183284f090c method=java.lang.AbstractStringBuilder.isLatin1()Z @ 10 c2
Event: 2.037 Thread 0x000001831826a000 DEOPT PACKING pc=0x00000183284f090c sp=0x00000040ceafc670
Event: 2.037 Thread 0x000001831826a000 DEOPT UNPACKING pc=0x0000018320a4912f sp=0x00000040ceafc610 mode 2
Event: 2.042 Thread 0x000001831826a000 Uncommon trap: trap_request=0xffffff45 fr.pc=0x000001832851f564 relative=0x0000000000000044
Event: 2.042 Thread 0x000001831826a000 Uncommon trap: reason=unstable_if action=reinterpret pc=0x000001832851f564 method=java.lang.CharacterData.of(I)Ljava/lang/CharacterData; @ 4 c2
Event: 2.042 Thread 0x000001831826a000 DEOPT PACKING pc=0x000001832851f564 sp=0x00000040ceafbe30
Event: 2.042 Thread 0x000001831826a000 DEOPT UNPACKING pc=0x0000018320a4912f sp=0x00000040ceafbdd0 mode 2

Classes unloaded (0 events):
No events

Classes redefined (5 events):
Event: 959.685 Thread 0x000001833beb1000 redefined class name=app.repositories.UserRepository, count=1
Event: 959.685 Thread 0x000001833beb1000 redefined class name=app.services.UserServiceImplTest, count=1
Event: 959.685 Thread 0x000001833beb1000 redefined class name=app.services.UserService, count=1
Event: 959.685 Thread 0x000001833beb1000 redefined class name=app.services.impl.UserServiceImpl, count=1
Event: 1131.671 Thread 0x000001833beb1000 redefined class name=app.services.UserServiceImplTest, count=2

Internal exceptions (11 events):
Event: 0.546 Thread 0x000001831826a000 Exception <a 'java/io/FileNotFoundException'{0x0000000711134d18}> (0x0000000711134d18) 
thrown [./open/src/hotspot/share/prims/jni.cpp, line 599]
Event: 0.597 Thread 0x000001831826a000 Exception <a 'java/lang/NoSuchMethodError'{0x0000000710f02820}: 'int java.lang.invoke.DirectMethodHandle$Holder.invokeSpecialIFC(java.lang.Object, java.lang.Object, int)'> (0x0000000710f02820) 
thrown [./open/src/hotspot/share/interpreter/linkResolver.cpp, line 766]
Event: 0.711 Thread 0x000001831826a000 Exception <a 'java/lang/IncompatibleClassChangeError'{0x00000007109ced00}: Found class java.lang.Object, but interface was expected> (0x00000007109ced00) 
thrown [./open/src/hotspot/share/interpreter/linkResolver.cpp, line 832]
Event: 1.189 Thread 0x000001831826a000 Exception <a 'java/lang/NoSuchMethodError'{0x0000000710c15400}: 'java.lang.Object java.lang.invoke.DirectMethodHandle$Holder.invokeVirtual(java.lang.Object, java.lang.Object, java.lang.Object)'> (0x0000000710c15400) 
thrown [./open/src/hotspot/share/interpreter/linkResolver.cpp, line 766]
Event: 1.283 Thread 0x000001831826a000 Exception <a 'java/lang/ClassNotFoundException'{0x000000071039f4f8}: java/lang/ClassLoader$ByteBuddyAccessor$y1oQX2CM> (0x000000071039f4f8) 
thrown [./open/src/hotspot/share/classfile/systemDictionary.cpp, line 226]
Event: 1.855 Thread 0x000001831826a000 Implicit null exception at 0x0000018328581a8a to 0x0000018328581b04
Event: 1.997 Thread 0x000001831826a000 Exception <a 'java/lang/ClassNotFoundException'{0x000000070d72e840}: javax/smartcardio/CardPermission> (0x000000070d72e840) 
thrown [./open/src/hotspot/share/classfile/systemDictionary.cpp, line 226]
Event: 2.000 Thread 0x000001831826a000 Exception <a 'java/io/FileNotFoundException'{0x000000070d73ef80}> (0x000000070d73ef80) 
thrown [./open/src/hotspot/share/prims/jni.cpp, line 599]
Event: 6.181 Thread 0x000001831826a000 Exception <a 'java/lang/NoSuchMethodError'{0x000000070cc1a110}: 'java.lang.Object java.lang.invoke.DirectMethodHandle$Holder.invokeStatic(java.lang.Object, int, java.lang.Object)'> (0x000000070cc1a110) 
thrown [./open/src/hotspot/share/interpreter/linkResolver.cpp, line 766]
Event: 8.171 Thread 0x000001831826a000 Exception <a 'java/lang/NoSuchMethodError'{0x000000070cbb1c80}: 'java.lang.Object java.lang.invoke.DirectMethodHandle$Holder.invokeStaticInit(java.lang.Object, int, int, int, int)'> (0x000000070cbb1c80) 
thrown [./open/src/hotspot/share/interpreter/linkResolver.cpp, line 766]
Event: 8.258 Thread 0x000001831826a000 Exception <a 'java/lang/NoSuchMethodError'{0x000000070caa5600}: 'java.lang.Object java.lang.invoke.DirectMethodHandle$Holder.invokeStaticInit(java.lang.Object, java.lang.Object, int, int, int, int)'> (0x000000070caa5600) 
thrown [./open/src/hotspot/share/interpreter/linkResolver.cpp, line 766]

Events (20 events):
Event: 1131.667 Executing VM operation: RedefineClasses
Event: 1131.678 Executing VM operation: RedefineClasses done
Event: 1131.679 Executing VM operation: GetFrameCount
Event: 1131.679 Executing VM operation: GetFrameCount done
Event: 1131.679 Executing VM operation: GetFrameCount
Event: 1131.679 Executing VM operation: GetFrameCount done
Event: 1131.680 Executing VM operation: GetStackTrace
Event: 1131.680 Executing VM operation: GetStackTrace done
Event: 1131.725 Executing VM operation: ChangeBreakpoints
Event: 1131.725 Executing VM operation: ChangeBreakpoints done
Event: 1131.727 Executing VM operation: ChangeBreakpoints
Event: 1131.728 Executing VM operation: ChangeBreakpoints done
Event: 1131.730 Executing VM operation: ChangeBreakpoints
Event: 1131.731 Executing VM operation: ChangeBreakpoints done
Event: 1131.737 Executing VM operation: GetFrameCount
Event: 1131.737 Executing VM operation: GetFrameCount done
Event: 1131.737 Executing VM operation: GetStackTrace
Event: 1131.737 Executing VM operation: GetStackTrace done
Event: 1131.786 Executing VM operation: GetFrameLocation
Event: 1131.786 Executing VM operation: GetFrameLocation done


Dynamic libraries:
0x00007ff68fca0000 - 0x00007ff68fcaf000 	C:\Program Files\Java\jdk-14.0.1\bin\java.exe
0x00007ffb41c50000 - 0x00007ffb41e44000 	C:\WINDOWS\SYSTEM32\ntdll.dll
0x00007ffb41550000 - 0x00007ffb4160d000 	C:\WINDOWS\System32\KERNEL32.DLL
0x00007ffb3f6e0000 - 0x00007ffb3f9a7000 	C:\WINDOWS\System32\KERNELBASE.dll
0x00007ffb3f560000 - 0x00007ffb3f660000 	C:\WINDOWS\System32\ucrtbase.dll
0x00007ffb33820000 - 0x00007ffb33835000 	C:\Program Files\Java\jdk-14.0.1\bin\VCRUNTIME140.dll
0x00007ffb318b0000 - 0x00007ffb318c8000 	C:\Program Files\Java\jdk-14.0.1\bin\jli.dll
0x00007ffb41990000 - 0x00007ffb41a3a000 	C:\WINDOWS\System32\ADVAPI32.dll
0x00007ffb41370000 - 0x00007ffb4140e000 	C:\WINDOWS\System32\msvcrt.dll
0x00007ffb40970000 - 0x00007ffb40a0b000 	C:\WINDOWS\System32\sechost.dll
0x00007ffb40a70000 - 0x00007ffb40b93000 	C:\WINDOWS\System32\RPCRT4.dll
0x00007ffb417f0000 - 0x00007ffb41990000 	C:\WINDOWS\System32\USER32.dll
0x00007ffb2dab0000 - 0x00007ffb2dd4a000 	C:\WINDOWS\WinSxS\amd64_microsoft.windows.common-controls_6595b64144ccf1df_6.0.19041.1_none_b555e41d4684ddec\COMCTL32.dll
0x00007ffb3f9e0000 - 0x00007ffb3fa02000 	C:\WINDOWS\System32\win32u.dll
0x00007ffb41be0000 - 0x00007ffb41c0a000 	C:\WINDOWS\System32\GDI32.dll
0x00007ffb3f450000 - 0x00007ffb3f55a000 	C:\WINDOWS\System32\gdi32full.dll
0x00007ffb3fc20000 - 0x00007ffb3fcbd000 	C:\WINDOWS\System32\msvcp_win.dll
0x00007ffb353c0000 - 0x00007ffb353ca000 	C:\WINDOWS\SYSTEM32\VERSION.dll
0x00007ffb3fcc0000 - 0x00007ffb3fcf0000 	C:\WINDOWS\System32\IMM32.DLL
0x00007ffb15890000 - 0x00007ffb1592b000 	C:\Program Files\Java\jdk-14.0.1\bin\msvcp140.dll
0x00007ffadcc40000 - 0x00007ffadd75e000 	C:\Program Files\Java\jdk-14.0.1\bin\server\jvm.dll
0x00007ffb41bc0000 - 0x00007ffb41bc8000 	C:\WINDOWS\System32\PSAPI.DLL
0x00007ffb1f170000 - 0x00007ffb1f179000 	C:\WINDOWS\SYSTEM32\WSOCK32.dll
0x00007ffb32aa0000 - 0x00007ffb32ac7000 	C:\WINDOWS\SYSTEM32\WINMM.dll
0x00007ffb41410000 - 0x00007ffb4147b000 	C:\WINDOWS\System32\WS2_32.dll
0x00007ffb3dc70000 - 0x00007ffb3dc83000 	C:\WINDOWS\SYSTEM32\kernel.appcore.dll
0x00007ffb363d0000 - 0x00007ffb363da000 	C:\Program Files\Java\jdk-14.0.1\bin\jimage.dll
0x00007ffb3a270000 - 0x00007ffb3a454000 	C:\WINDOWS\SYSTEM32\DBGHELP.DLL
0x00007ffb24410000 - 0x00007ffb2443c000 	C:\WINDOWS\SYSTEM32\dbgcore.DLL
0x00007ffb3f660000 - 0x00007ffb3f6df000 	C:\WINDOWS\System32\bcryptPrimitives.dll
0x00007ffb19330000 - 0x00007ffb19368000 	C:\Program Files\Java\jdk-14.0.1\bin\jdwp.dll
0x00007ffb31430000 - 0x00007ffb31455000 	C:\Program Files\Java\jdk-14.0.1\bin\java.dll
0x00007ffb363b0000 - 0x00007ffb363be000 	C:\Program Files\Java\jdk-14.0.1\bin\instrument.dll
0x00007ffb2e760000 - 0x00007ffb2e776000 	C:\Program Files\Java\jdk-14.0.1\bin\zip.dll
0x00007ffb40230000 - 0x00007ffb40965000 	C:\WINDOWS\System32\SHELL32.dll
0x00007ffb3d4d0000 - 0x00007ffb3dc5f000 	C:\WINDOWS\SYSTEM32\windows.storage.dll
0x00007ffb40ba0000 - 0x00007ffb40ef3000 	C:\WINDOWS\System32\combase.dll
0x00007ffb3ed50000 - 0x00007ffb3ed7b000 	C:\WINDOWS\SYSTEM32\Wldp.dll
0x00007ffb3fe70000 - 0x00007ffb3ff1e000 	C:\WINDOWS\System32\SHCORE.dll
0x00007ffb41b60000 - 0x00007ffb41bb5000 	C:\WINDOWS\System32\shlwapi.dll
0x00007ffb3f2e0000 - 0x00007ffb3f2ff000 	C:\WINDOWS\SYSTEM32\profapi.dll
0x00007ffb2cfa0000 - 0x00007ffb2cfab000 	C:\Program Files\Java\jdk-14.0.1\bin\dt_socket.dll
0x00007ffb3e800000 - 0x00007ffb3e83b000 	C:\WINDOWS\SYSTEM32\IPHLPAPI.DLL
0x00007ffb3eb40000 - 0x00007ffb3ebaa000 	C:\WINDOWS\system32\mswsock.dll
0x00007ffb2e720000 - 0x00007ffb2e739000 	C:\Program Files\Java\jdk-14.0.1\bin\net.dll
0x00007ffb34cc0000 - 0x00007ffb34dc0000 	C:\WINDOWS\SYSTEM32\WINHTTP.dll
0x00007ffb2d1e0000 - 0x00007ffb2d1f2000 	C:\Program Files\Java\jdk-14.0.1\bin\nio.dll
0x00007ffb318a0000 - 0x00007ffb318b0000 	C:\Program Files\Java\jdk-14.0.1\bin\verify.dll
0x00007ffb3ed90000 - 0x00007ffb3eda8000 	C:\WINDOWS\SYSTEM32\CRYPTSP.dll
0x00007ffb3e480000 - 0x00007ffb3e4b4000 	C:\WINDOWS\system32\rsaenh.dll
0x00007ffb3f9b0000 - 0x00007ffb3f9d7000 	C:\WINDOWS\System32\bcrypt.dll
0x00007ffb3f2a0000 - 0x00007ffb3f2ce000 	C:\WINDOWS\SYSTEM32\USERENV.dll
0x00007ffb3ecc0000 - 0x00007ffb3eccc000 	C:\WINDOWS\SYSTEM32\CRYPTBASE.dll
0x00007ffb41bd0000 - 0x00007ffb41bd9000 	C:\WINDOWS\System32\NSI.dll
0x00007ffb35460000 - 0x00007ffb35477000 	C:\WINDOWS\SYSTEM32\dhcpcsvc6.DLL
0x00007ffb35420000 - 0x00007ffb3543d000 	C:\WINDOWS\SYSTEM32\dhcpcsvc.DLL
0x00007ffb3e850000 - 0x00007ffb3e91a000 	C:\WINDOWS\SYSTEM32\DNSAPI.dll

dbghelp: loaded successfully - version: 4.0.5 - missing functions: none
symbol engine: initialized successfully - sym options: 0x614 - pdb path: .;C:\Program Files\Java\jdk-14.0.1\bin;C:\WINDOWS\SYSTEM32;C:\WINDOWS\WinSxS\amd64_microsoft.windows.common-controls_6595b64144ccf1df_6.0.19041.1_none_b555e41d4684ddec;C:\Program Files\Java\jdk-14.0.1\bin\server

VM Arguments:
jvm_args: -agentlib:jdwp=transport=dt_socket,address=127.0.0.1:61546,suspend=y,server=n -ea -Didea.test.cyclic.buffer.size=1048576 -javaagent:C:\Users\Rado\.IntelliJIdea2019.3\system\captureAgent\debugger-agent.jar -Dfile.encoding=UTF-8 
java_command: com.intellij.rt.junit.JUnitStarter -ideVersion5 -junit4 app.services.UserServiceImplTest,sendTeacherRequest_shouldChangeTeacherRequestToTrue
java_class_path (initial): C:\Program Files\JetBrains\IntelliJ IDEA 2019.3.4\lib\idea_rt.jar;C:\Program Files\JetBrains\IntelliJ IDEA 2019.3.4\plugins\junit\lib\junit5-rt.jar;C:\Program Files\JetBrains\IntelliJ IDEA 2019.3.4\plugins\junit\lib\junit-rt.jar;D:\University\SoftUni Courses\Java Web\Web Projects\DevUni\target\test-classes;D:\University\SoftUni Courses\Java Web\Web Projects\DevUni\target\classes;C:\Users\Rado\.m2\repository\org\springframework\boot\spring-boot-starter-data-jpa\2.3.1.RELEASE\spring-boot-starter-data-jpa-2.3.1.RELEASE.jar;C:\Users\Rado\.m2\repository\org\springframework\boot\spring-boot-starter-aop\2.3.1.RELEASE\spring-boot-starter-aop-2.3.1.RELEASE.jar;C:\Users\Rado\.m2\repository\org\aspectj\aspectjweaver\1.9.5\aspectjweaver-1.9.5.jar;C:\Users\Rado\.m2\repository\org\springframework\boot\spring-boot-starter-jdbc\2.3.1.RELEASE\spring-boot-starter-jdbc-2.3.1.RELEASE.jar;C:\Users\Rado\.m2\repository\com\zaxxer\HikariCP\3.4.5\HikariCP-3.4.5.jar;C:\Users\Rado\.m2\repository\org\springframework\spring-jdbc\5.2.7.RELEASE\spring-jdbc-5.2.7.RELEASE.jar;C:\Users\Rado\.m2\repository\jakarta\transaction\jakarta.transaction-api\1.3.3\jakarta.transaction-api-1.3.3.jar;C:\Users\Rado\.m2\repository\jakarta\persistence\jakarta.persistence-api\2.2.3\jakarta.persistence-api-2.2.3.jar;C:\Users\Rado\.m2\repository\org\hibernate\hibernate-core\5.4.17.Final\hibernate-core-5.4.17.Final.jar;C:\Users\Rado\.m2\repository\org\jboss\logging\jboss-logging\3.4.1.Final\jboss-logging-3.4.1.Final.jar;C:\Users\Rado\.m2\repository\org\javassist\javassist\3.24.0-GA\javassist-3.24.0-GA.jar;C:\Users\Rado\.m2\repository\antlr\antlr\2.7.7\antlr-2.7.7.jar;C:\Users\Rado\.m2\repository\org\jboss\jandex\2.1.3.Final\jandex-2.1.3.Final.jar;C:\Users\Rado\.m2\repository\org\dom4j\dom4j\2.1.3\dom4j-2.1.3.jar;C:\Users\Rado\.m2\repository\org\hibernate\common\hibernate-commons-annotations\5.1.0.Final\hibernate-commons-annotations-5.1.0.Final.jar;C:\Users\Rado\.m2\repository\org\glassfish\
Launcher Type: SUN_STANDARD

[Global flags]
     intx CICompilerCount                          = 4                                         {product} {ergonomic}
     uint ConcGCThreads                            = 2                                         {product} {ergonomic}
     uint G1ConcRefinementThreads                  = 8                                         {product} {ergonomic}
   size_t G1HeapRegionSize                         = 1048576                                   {product} {ergonomic}
    uintx GCDrainStackTargetSize                   = 64                                        {product} {ergonomic}
   size_t InitialHeapSize                          = 268435456                                 {product} {ergonomic}
   size_t MarkStackSize                            = 4194304                                   {product} {ergonomic}
   size_t MaxHeapSize                              = 4265607168                                {product} {ergonomic}
   size_t MaxNewSize                               = 2558525440                                {product} {ergonomic}
   size_t MinHeapDeltaBytes                        = 1048576                                   {product} {ergonomic}
   size_t MinHeapSize                              = 8388608                                   {product} {ergonomic}
    uintx NonNMethodCodeHeapSize                   = 5839372                                {pd product} {ergonomic}
    uintx NonProfiledCodeHeapSize                  = 122909434                              {pd product} {ergonomic}
    uintx ProfiledCodeHeapSize                     = 122909434                              {pd product} {ergonomic}
    uintx ReservedCodeCacheSize                    = 251658240                              {pd product} {ergonomic}
     bool SegmentedCodeCache                       = true                                      {product} {ergonomic}
   size_t SoftMaxHeapSize                          = 4265607168                             {manageable} {ergonomic}
     bool UseCompressedClassPointers               = true                                 {lp64_product} {ergonomic}
     bool UseCompressedOops                        = true                                 {lp64_product} {ergonomic}
     bool UseG1GC                                  = true                                      {product} {ergonomic}
     bool UseLargePagesIndividualAllocation        = false                                  {pd product} {ergonomic}

Logging:
Log output configuration:
 #0: stdout all=warning uptime,level,tags
 #1: stderr all=off uptime,level,tags

Environment Variables:
PATH=C:\Program Files (x86)\Intel\iCLS Client\;C:\Program Files\Intel\iCLS Client\;C:\Windows\system32;C:\Windows;C:\Windows\System32\Wbem;C:\Windows\System32\WindowsPowerShell\v1.0\;C:\Windows\System32\OpenSSH\;C:\Program Files (x86)\NVIDIA Corporation\PhysX\Common;C:\Program Files (x86)\Intel\Intel(R) Management Engine Components\DAL;C:\Program Files\Intel\Intel(R) Management Engine Components\DAL;C:\Program Files (x86)\Intel\Intel(R) Management Engine Components\IPT;C:\Program Files\Intel\Intel(R) Management Engine Components\IPT;C:\Program Files\Git\cmd;C:\Program Files\MATLAB\R2016a\runtime\win64;C:\Program Files\MATLAB\R2016a\bin;C:\Program Files\MATLAB\R2016a\polyspace\bin;C:\Program Files\nodejs\;C:\WINDOWS\system32;C:\WINDOWS;C:\WINDOWS\System32\Wbem;C:\WINDOWS\System32\WindowsPowerShell\v1.0\;C:\WINDOWS\System32\OpenSSH\;C:\Program Files\Docker\Docker\resources\bin;C:\ProgramData\DockerDesktop\version-bin;C:\Users\Rado\AppData\Local\Microsoft\WindowsApps;;C:\Users\Rado\AppData\Local\Programs\Microsoft VS Code\bin;C:\Users\Rado\AppData\Roaming\npm
USERNAME=Rado
OS=Windows_NT
PROCESSOR_IDENTIFIER=Intel64 Family 6 Model 158 Stepping 9, GenuineIntel



---------------  S Y S T E M  ---------------

OS: Windows 10 , 64 bit Build 19041 (10.0.19041.292)
OS uptime: 4 days 5:26 hours
HyperV virtualization detected

CPU:total 8 (initial active 8) (4 cores per cpu, 2 threads per core) family 6 model 158 stepping 9, cmov, cx8, fxsr, mmx, sse, sse2, sse3, ssse3, sse4.1, sse4.2, popcnt, avx, avx2, aes, clmul, erms, 3dnowpref, lzcnt, ht, tsc, tscinvbit, bmi1, bmi2, adx, fma

Memory: 4k page, system-wide physical 16267M (6058M free)
TotalPageFile size 18955M (AvailPageFile size 2967M)
current process WorkingSet (physical memory assigned to process): 152M, peak: 152M
current process commit charge ("private bytes"): 373M, peak: 380M

vm_info: Java HotSpot(TM) 64-Bit Server VM (14.0.1+7) for windows-amd64 JRE (14.0.1+7), built on Mar  5 2020 10:30:14 by "mach5one" with MS VC++ 15.9 (VS2017)

END.
